{
  "RSpec": {
    "coverage": {
      "/home/viodine/REKRUTACJA/travelers_diary/config/environment.rb": [
        null,
        null,
        null,
        1,
        null,
        null,
        1
      ],
      "/home/viodine/REKRUTACJA/travelers_diary/config/application.rb": [
        null,
        null,
        1,
        null,
        1,
        null,
        1,
        1,
        1,
        1,
        1,
        1,
        1,
        1,
        1,
        null,
        null,
        null,
        null,
        null,
        null,
        1,
        null,
        1,
        1,
        null,
        1,
        null,
        null,
        null,
        null,
        null,
        null,
        null,
        null,
        null,
        null,
        null,
        null,
        1,
        1,
        1,
        null,
        null
      ],
      "/home/viodine/REKRUTACJA/travelers_diary/config/boot.rb": [
        null,
        null,
        1,
        null,
        1,
        1
      ],
      "/home/viodine/REKRUTACJA/travelers_diary/config/spring.rb": [
        null,
        null,
        1,
        null,
        null,
        null,
        null,
        null
      ],
      "/home/viodine/REKRUTACJA/travelers_diary/config/environments/test.rb": [
        null,
        null,
        1,
        null,
        null,
        null,
        null,
        null,
        null,
        1,
        null,
        null,
        1,
        1,
        1,
        null,
        null,
        null,
        1,
        null,
        null,
        1,
        1,
        null,
        null,
        null,
        null,
        1,
        1,
        1,
        null,
        null,
        1,
        null,
        null,
        1,
        null,
        null,
        1,
        null,
        1,
        null,
        null,
        null,
        null,
        1,
        null,
        null,
        1,
        null,
        null,
        1,
        null,
        null,
        1,
        null,
        null,
        null,
        null,
        null,
        null,
        null
      ],
      "/home/viodine/REKRUTACJA/travelers_diary/config/initializers/application_controller_renderer.rb": [
        null,
        null,
        null,
        null,
        null,
        null,
        null,
        null,
        null
      ],
      "/home/viodine/REKRUTACJA/travelers_diary/config/initializers/backtrace_silencers.rb": [
        null,
        null,
        null,
        null,
        null,
        null,
        null,
        null,
        null,
        1
      ],
      "/home/viodine/REKRUTACJA/travelers_diary/config/initializers/cors.rb": [
        null,
        null,
        null,
        null,
        null,
        null,
        null,
        null,
        null,
        1,
        1,
        1,
        null,
        1,
        null,
        null,
        null,
        null,
        null
      ],
      "/home/viodine/REKRUTACJA/travelers_diary/config/initializers/devise_token_auth.rb": [
        null,
        null,
        1,
        null,
        null,
        null,
        null,
        null,
        null,
        null,
        null,
        null,
        null,
        null,
        null,
        null,
        1,
        null,
        null,
        null,
        null,
        null,
        null,
        null,
        null,
        null,
        null,
        null,
        null,
        null,
        null,
        null,
        null,
        null,
        null,
        null,
        null,
        null,
        null,
        null,
        null,
        null,
        null,
        null,
        null,
        null,
        null,
        null,
        null,
        null,
        null,
        null,
        null,
        null,
        null,
        null,
        null,
        null,
        null,
        null
      ],
      "/home/viodine/REKRUTACJA/travelers_diary/config/initializers/filter_parameter_logging.rb": [
        null,
        null,
        null,
        null,
        null,
        1,
        null,
        null
      ],
      "/home/viodine/REKRUTACJA/travelers_diary/config/initializers/inflections.rb": [
        null,
        null,
        null,
        null,
        null,
        null,
        null,
        null,
        null,
        null,
        null,
        null,
        null,
        null,
        null,
        null,
        null
      ],
      "/home/viodine/REKRUTACJA/travelers_diary/config/initializers/mime_types.rb": [
        null,
        null,
        null,
        null,
        null
      ],
      "/home/viodine/REKRUTACJA/travelers_diary/config/initializers/omniauth.rb": [
        null,
        1,
        1,
        1,
        null,
        null,
        null
      ],
      "/home/viodine/REKRUTACJA/travelers_diary/config/initializers/wrap_parameters.rb": [
        null,
        null,
        null,
        null,
        null,
        null,
        null,
        null,
        1,
        2,
        null,
        null,
        null,
        null,
        null,
        null
      ],
      "/home/viodine/REKRUTACJA/travelers_diary/spec/factories/notes.rb": [
        1,
        1,
        14,
        14,
        14,
        1,
        null,
        null
      ],
      "/home/viodine/REKRUTACJA/travelers_diary/spec/factories/users.rb": [
        null,
        null,
        1,
        1,
        39,
        39,
        29,
        39,
        39,
        null,
        1,
        11,
        null,
        null,
        null
      ],
      "/home/viodine/REKRUTACJA/travelers_diary/config/routes.rb": [
        null,
        null,
        1,
        1,
        1,
        1,
        null
      ],
      "/home/viodine/REKRUTACJA/travelers_diary/app/models/user.rb": [
        null,
        null,
        1,
        1,
        1,
        null,
        63,
        null,
        1,
        null,
        null,
        null,
        1,
        null,
        1,
        null,
        null,
        null,
        1,
        null,
        null,
        null,
        1,
        null,
        1,
        null,
        1,
        0,
        0,
        0,
        0,
        0,
        0,
        null,
        null,
        null
      ],
      "/home/viodine/REKRUTACJA/travelers_diary/app/models/application_record.rb": [
        null,
        null,
        1,
        1,
        null
      ],
      "/home/viodine/REKRUTACJA/travelers_diary/spec/helpers/request_spec_helper.rb": [
        null,
        null,
        1,
        1,
        32,
        null,
        null,
        1,
        13,
        13,
        null,
        13,
        null,
        null,
        null,
        null,
        null,
        null
      ],
      "/home/viodine/REKRUTACJA/travelers_diary/app/models/note.rb": [
        1,
        1,
        null,
        1,
        null
      ],
      "/home/viodine/REKRUTACJA/travelers_diary/spec/models/user_spec.rb": [
        null,
        null,
        1,
        null,
        1,
        9,
        2,
        2,
        2,
        null,
        2,
        2,
        null,
        2,
        2,
        null,
        2,
        null
      ],
      "/home/viodine/REKRUTACJA/travelers_diary/spec/policies/note_policy_spec.rb": [
        null,
        null,
        1,
        null,
        1,
        13,
        1,
        1,
        4,
        null,
        null,
        1,
        1,
        1,
        null,
        null,
        null,
        1,
        1,
        1,
        null,
        null,
        null,
        1,
        1,
        1,
        null,
        null,
        null,
        1,
        1,
        1,
        null,
        null,
        null,
        null,
        1,
        1,
        4,
        null,
        null,
        1,
        1,
        1,
        null,
        null,
        null,
        1,
        1,
        1,
        null,
        null,
        null,
        1,
        1,
        1,
        null,
        null,
        null,
        1,
        1,
        1,
        null,
        null,
        null,
        null,
        1,
        1,
        4,
        null,
        null,
        1,
        1,
        1,
        null,
        null,
        null,
        1,
        1,
        1,
        null,
        null,
        null,
        1,
        1,
        1,
        null,
        null,
        null,
        1,
        1,
        1,
        null,
        null,
        null,
        null
      ],
      "/home/viodine/REKRUTACJA/travelers_diary/app/policies/note_policy.rb": [
        1,
        1,
        2,
        null,
        null,
        1,
        11,
        null,
        null,
        1,
        3,
        null,
        null,
        1,
        1,
        null,
        null,
        1,
        3,
        null,
        null
      ],
      "/home/viodine/REKRUTACJA/travelers_diary/app/policies/application_policy.rb": [
        null,
        null,
        1,
        1,
        null,
        1,
        20,
        20,
        null,
        null,
        1,
        0,
        null,
        null,
        1,
        0,
        null,
        null,
        1,
        0,
        null,
        null,
        1,
        0,
        null,
        null,
        1,
        0,
        null,
        null,
        1,
        0,
        null,
        null,
        1,
        0,
        null,
        null,
        1,
        1,
        null,
        1,
        5,
        5,
        null,
        null,
        1,
        5,
        null,
        null,
        null
      ],
      "/home/viodine/REKRUTACJA/travelers_diary/spec/requests/notes_request_spec.rb": [
        null,
        null,
        1,
        null,
        1,
        1,
        1,
        4,
        1,
        1,
        3,
        null,
        null,
        1,
        1,
        1,
        1,
        1,
        1,
        1,
        null,
        null,
        1,
        1,
        null,
        null,
        1,
        1,
        1,
        1,
        1,
        1,
        1,
        1,
        null,
        null,
        null,
        1,
        3,
        3,
        null,
        1,
        1,
        1,
        1,
        1,
        1,
        1,
        null,
        null,
        1,
        1,
        null,
        null,
        null,
        1,
        2,
        null,
        1,
        1,
        null,
        null,
        null,
        null,
        1,
        1,
        3,
        3,
        3,
        null,
        1,
        1,
        1,
        1,
        1,
        null,
        null,
        1,
        1,
        null,
        null,
        null,
        1,
        3,
        3,
        3,
        null,
        1,
        1,
        null,
        null,
        1,
        1,
        null,
        null,
        null,
        1,
        3,
        3,
        3,
        null,
        1,
        1,
        1,
        1,
        1,
        null,
        null,
        1,
        1,
        null,
        null,
        null,
        1,
        3,
        3,
        3,
        null,
        1,
        1,
        1,
        1,
        1,
        null,
        null,
        1,
        1,
        null,
        null,
        null,
        1,
        2,
        2,
        null,
        1,
        1,
        null,
        null,
        null,
        null
      ],
      "/home/viodine/REKRUTACJA/travelers_diary/app/controllers/notes_controller.rb": [
        1,
        1,
        1,
        null,
        1,
        5,
        null,
        5,
        null,
        null,
        1,
        8,
        null,
        6,
        null,
        null,
        1,
        0,
        0,
        null,
        0,
        null,
        0,
        null,
        null,
        1,
        0,
        0,
        null,
        0,
        null,
        0,
        null,
        null,
        1,
        0,
        0,
        null,
        0,
        null,
        0,
        null,
        null,
        1,
        null,
        1,
        0,
        null,
        null
      ],
      "/home/viodine/REKRUTACJA/travelers_diary/app/controllers/application_controller.rb": [
        null,
        null,
        1,
        1,
        1,
        null,
        1,
        2,
        null,
        null
      ]
    },
    "timestamp": 1620674404
  }
}
